<?xml version="1.0" encoding="UTF-8"?>
<!-- Generated by org.testng.reporters.JUnitReportReporter -->
<testsuite hostname="Olda-MacBook-Pro.local" name="cz.mendelu.wedding.GuestDaoTest" tests="1" failures="0" timestamp="23 May 2019 16:05:51 GMT" time="0.902" errors="0">
  <testcase name="testSave" time="0.902" classname="cz.mendelu.wedding.GuestDaoTest"/>
</testsuite> <!-- cz.mendelu.wedding.GuestDaoTest -->
