<?xml version="1.0" encoding="UTF-8"?>
<!-- Generated by org.testng.reporters.JUnitReportReporter -->
<testsuite hostname="Olda-MacBook-Pro.local" name="cz.mendelu.wedding.GiftDaoTest" tests="2" failures="0" timestamp="23 May 2019 16:05:51 GMT" time="2.251" errors="0">
  <testcase name="testSave" time="1.190" classname="cz.mendelu.wedding.GiftDaoTest"/>
  <testcase name="testSaveWithGuest" time="1.061" classname="cz.mendelu.wedding.GiftDaoTest"/>
</testsuite> <!-- cz.mendelu.wedding.GiftDaoTest -->
